<?xml version="1.0" encoding="utf-8"?><testsuites name="pytest tests"><testsuite name="pytest" errors="0" failures="1" skipped="0" tests="25" time="5.003" timestamp="2026-05-08T21:23:17.529009+00:00" hostname="agent-env-8cedaa1a-c927-45ec-866c-e6599d6754ea"><testcase classname="backend.tests.test_backend.TestAuth" name="test_health" time="0.287" /><testcase classname="backend.tests.test_backend.TestAuth" name="test_register_and_duplicate" time="0.354" /><testcase classname="backend.tests.test_backend.TestAuth" name="test_register_short_password" time="0.056" /><testcase classname="backend.tests.test_backend.TestAuth" name="test_login_admin_and_me" time="0.342" /><testcase classname="backend.tests.test_backend.TestAuth" name="test_login_wrong_password" time="0.283" /><testcase classname="backend.tests.test_backend.TestAuth" name="test_me_no_token" time="0.144" /><testcase classname="backend.tests.test_backend.TestAuth" name="test_forgot_existing_returns_ok" time="0.063" /><testcase classname="backend.tests.test_backend.TestAuth" name="test_forgot_unknown_returns_ok" time="0.058" /><testcase classname="backend.tests.test_backend.TestAuth" name="test_reset_invalid_token" time="0.056" /><testcase classname="backend.tests.test_backend.TestProfileSettings" name="test_patch_profile" time="0.066" /><testcase classname="backend.tests.test_backend.TestProfileSettings" name="test_backup_toggle" time="0.122" /><testcase classname="backend.tests.test_backend.TestProfileSettings" name="test_change_password_wrong_current" time="0.307" /><testcase classname="backend.tests.test_backend.TestProfileSettings" name="test_change_email_wrong_password" time="0.277" /><testcase classname="backend.tests.test_backend.TestPdfs" name="test_upload_invalid_pdf" time="0.143" /><testcase classname="backend.tests.test_backend.TestPdfs" name="test_upload_real_pdf" time="0.226" /><testcase classname="backend.tests.test_backend.TestPdfs" name="test_upload_duplicate" time="0.179"><failure message="AssertionError: assert None is True&#10; +  where None = &lt;built-in method get of dict object at 0xfbd9f31ca640&gt;('duplicate')&#10; +    where &lt;built-in method get of dict object at 0xfbd9f31ca640&gt; = {'compressed': True, 'name': 'dup.pdf', 'ocr': False, 'ok': True, ...}.get">backend/tests/test_backend.py:141: in test_upload_duplicate
    assert res.get("duplicate") is True
E   AssertionError: assert None is True
E    +  where None = &lt;built-in method get of dict object at 0xfbd9f31ca640&gt;('duplicate')
E    +    where &lt;built-in method get of dict object at 0xfbd9f31ca640&gt; = {'compressed': True, 'name': 'dup.pdf', 'ocr': False, 'ok': True, ...}.get</failure></testcase><testcase classname="backend.tests.test_backend.TestPdfs" name="test_list_pdfs" time="0.071" /><testcase classname="backend.tests.test_backend.TestPdfs" name="test_list_pdfs_sort_variants" time="0.168" /><testcase classname="backend.tests.test_backend.TestPdfs" name="test_patch_favorite_and_tags" time="0.211" /><testcase classname="backend.tests.test_backend.TestPdfs" name="test_get_pdf_file_inline" time="0.410" /><testcase classname="backend.tests.test_backend.TestSearch" name="test_search_returns_results" time="0.181" /><testcase classname="backend.tests.test_backend.TestSearch" name="test_search_no_token" time="0.188" /><testcase classname="backend.tests.test_backend.TestLibraries" name="test_create_list_add_share" time="0.591" /><testcase classname="backend.tests.test_backend.TestAdminLogs" name="test_admin_logs_correct_pwd" time="0.082" /><testcase classname="backend.tests.test_backend.TestAdminLogs" name="test_admin_logs_wrong_pwd" time="0.056" /></testsuite></testsuites>