<?xml version="1.0" encoding="utf-8"?><testsuites name="pytest tests"><testsuite name="pytest" errors="0" failures="0" skipped="0" tests="45" time="7.429" timestamp="2026-05-08T23:10:07.980902+00:00" hostname="agent-env-8cedaa1a-c927-45ec-866c-e6599d6754ea"><testcase classname="backend.tests.test_admin_iter3.TestAdminUsersEndpoint" name="test_no_token_returns_401" time="0.265" /><testcase classname="backend.tests.test_admin_iter3.TestAdminUsersEndpoint" name="test_non_admin_returns_403" time="0.562" /><testcase classname="backend.tests.test_admin_iter3.TestAdminUsersEndpoint" name="test_admin_returns_users_list_with_required_fields" time="0.429" /><testcase classname="backend.tests.test_admin_iter3.TestAdminUsersEndpoint" name="test_admin_list_includes_admin_user" time="0.112" /><testcase classname="backend.tests.test_admin_iter3.TestAdminStatsEndpoint" name="test_no_token_returns_401" time="0.183" /><testcase classname="backend.tests.test_admin_iter3.TestAdminStatsEndpoint" name="test_non_admin_returns_403" time="0.128" /><testcase classname="backend.tests.test_admin_iter3.TestAdminStatsEndpoint" name="test_admin_returns_full_stats" time="0.164" /><testcase classname="backend.tests.test_admin_iter3.TestPdfOpenLog" name="test_pdf_open_logs_event" time="0.832" /><testcase classname="backend.tests.test_backend.TestAuth" name="test_health" time="0.053" /><testcase classname="backend.tests.test_backend.TestAuth" name="test_register_and_duplicate" time="0.333" /><testcase classname="backend.tests.test_backend.TestAuth" name="test_register_short_password" time="0.055" /><testcase classname="backend.tests.test_backend.TestAuth" name="test_login_admin_and_me" time="0.055" /><testcase classname="backend.tests.test_backend.TestAuth" name="test_login_wrong_password" time="0.281" /><testcase classname="backend.tests.test_backend.TestAuth" name="test_me_no_token" time="0.120" /><testcase classname="backend.tests.test_backend.TestAuth" name="test_forgot_existing_returns_ok" time="0.051" /><testcase classname="backend.tests.test_backend.TestAuth" name="test_forgot_unknown_returns_ok" time="0.050" /><testcase classname="backend.tests.test_backend.TestAuth" name="test_reset_invalid_token" time="0.048" /><testcase classname="backend.tests.test_backend.TestProfileSettings" name="test_patch_profile" time="0.051" /><testcase classname="backend.tests.test_backend.TestProfileSettings" name="test_backup_toggle" time="0.102" /><testcase classname="backend.tests.test_backend.TestProfileSettings" name="test_change_password_wrong_current" time="0.274" /><testcase classname="backend.tests.test_backend.TestProfileSettings" name="test_change_email_wrong_password" time="0.291" /><testcase classname="backend.tests.test_backend.TestPdfs" name="test_upload_invalid_pdf" time="0.125" /><testcase classname="backend.tests.test_backend.TestPdfs" name="test_upload_real_pdf" time="0.173" /><testcase classname="backend.tests.test_backend.TestPdfs" name="test_upload_duplicate" time="0.106" /><testcase classname="backend.tests.test_backend.TestPdfs" name="test_list_pdfs" time="0.057" /><testcase classname="backend.tests.test_backend.TestPdfs" name="test_list_pdfs_sort_variants" time="0.160" /><testcase classname="backend.tests.test_backend.TestPdfs" name="test_patch_favorite_and_tags" time="0.164" /><testcase classname="backend.tests.test_backend.TestPdfs" name="test_get_pdf_file_inline" time="0.133" /><testcase classname="backend.tests.test_backend.TestSearch" name="test_search_returns_results" time="0.161" /><testcase classname="backend.tests.test_backend.TestSearch" name="test_search_no_token" time="0.106" /><testcase classname="backend.tests.test_backend.TestLibraries" name="test_create_list_add_share" time="0.656" /><testcase classname="backend.tests.test_backend.TestAdminLogs" name="test_admin_logs_correct_pwd" time="0.060" /><testcase classname="backend.tests.test_backend.TestAdminLogs" name="test_admin_logs_wrong_pwd" time="0.051" /><testcase classname="backend.tests.test_google_backup.TestGoogleOAuthUrl" name="test_auth_url_returns_url_and_state" time="0.052" /><testcase classname="backend.tests.test_google_backup.TestGoogleOAuthExchange" name="test_invalid_code_login_returns_401" time="0.139" /><testcase classname="backend.tests.test_google_backup.TestGoogleOAuthExchange" name="test_connect_requires_jwt" time="0.101" /><testcase classname="backend.tests.test_google_backup.TestGoogleOAuthExchange" name="test_connect_invalid_code_returns_401" time="0.133" /><testcase classname="backend.tests.test_google_backup.TestAuthMeExtraFields" name="test_me_has_admin_and_drive_fields" time="0.055" /><testcase classname="backend.tests.test_google_backup.TestBackupStatus" name="test_status_admin" time="0.056" /><testcase classname="backend.tests.test_google_backup.TestBackupStatus" name="test_status_no_token" time="0.116" /><testcase classname="backend.tests.test_google_backup.TestBackupRunTest" name="test_run_without_drive_returns_400" time="0.059" /><testcase classname="backend.tests.test_google_backup.TestBackupRunTest" name="test_test_without_drive_returns_400" time="0.051" /><testcase classname="backend.tests.test_google_backup.TestBackupRunTest" name="test_run_no_token" time="0.104" /><testcase classname="backend.tests.test_google_backup.TestSettingsBackup" name="test_disable_always_ok" time="0.059" /><testcase classname="backend.tests.test_google_backup.TestSettingsBackup" name="test_enable_without_drive_returns_400" time="0.051" /></testsuite></testsuites>